<?xml version="1.0" encoding="UTF-8"?>
<coverage generated="1496118836178" clover="3.2.0">
  <project timestamp="1496118836178" name="All files">
    <metrics statements="153" coveredstatements="105" conditionals="101" coveredconditionals="45" methods="84" coveredmethods="39" elements="338" coveredelements="189" complexity="0" loc="153" ncloc="153" packages="9" files="19" classes="19">
      <package name="app">
        <metrics statements="2" coveredstatements="2" conditionals="0" coveredconditionals="0" methods="0" coveredmethods="0"/>
        <file name="index.js" path="/Users/derek/Work/react-color-organizer-redux/react-color-organizer-react-redux-test/app/index.js">
          <metrics statements="2" coveredstatements="2" conditionals="0" coveredconditionals="0" methods="0" coveredmethods="0"/>
          <line num="12" count="1" type="stmt"/>
          <line num="14" count="1" type="stmt"/>
        </file>
      </package>
      <package name="app.actions">
        <metrics statements="8" coveredstatements="8" conditionals="1" coveredconditionals="1" methods="4" coveredmethods="4"/>
        <file name="actions.color.js" path="/Users/derek/Work/react-color-organizer-redux/react-color-organizer-react-redux-test/app/actions/actions.color.js">
          <metrics statements="8" coveredstatements="8" conditionals="1" coveredconditionals="1" methods="4" coveredmethods="4"/>
          <line num="5" count="6" type="stmt"/>
          <line num="6" count="1" type="stmt"/>
          <line num="14" count="6" type="stmt"/>
          <line num="15" count="1" type="stmt"/>
          <line num="20" count="6" type="stmt"/>
          <line num="21" count="1" type="stmt"/>
          <line num="27" count="6" type="cond" truecount="1" falsecount="0"/>
          <line num="28" count="3" type="stmt"/>
        </file>
      </package>
      <package name="app.components">
        <metrics statements="14" coveredstatements="5" conditionals="0" coveredconditionals="0" methods="6" coveredmethods="1"/>
        <file name="App.js" path="/Users/derek/Work/react-color-organizer-redux/react-color-organizer-react-redux-test/app/components/App.js">
          <metrics statements="2" coveredstatements="2" conditionals="0" coveredconditionals="0" methods="1" coveredmethods="1"/>
          <line num="46" count="2" type="stmt"/>
          <line num="48" count="1" type="stmt"/>
        </file>
        <file name="Containers.js" path="/Users/derek/Work/react-color-organizer-redux/react-color-organizer-react-redux-test/app/components/Containers.js">
          <metrics statements="12" coveredstatements="3" conditionals="0" coveredconditionals="0" methods="5" coveredmethods="0"/>
          <line num="47" count="5" type="stmt"/>
          <line num="50" count="0" type="stmt"/>
          <line num="52" count="0" type="stmt"/>
          <line num="57" count="5" type="stmt"/>
          <line num="59" count="0" type="stmt"/>
          <line num="63" count="0" type="stmt"/>
          <line num="65" count="0" type="stmt"/>
          <line num="70" count="5" type="stmt"/>
          <line num="72" count="0" type="stmt"/>
          <line num="76" count="0" type="stmt"/>
          <line num="78" count="0" type="stmt"/>
          <line num="81" count="0" type="stmt"/>
        </file>
      </package>
      <package name="app.components.hocs">
        <metrics statements="22" coveredstatements="9" conditionals="43" coveredconditionals="4" methods="19" coveredmethods="4"/>
        <file name="DataComponent.js" path="/Users/derek/Work/react-color-organizer-redux/react-color-organizer-react-redux-test/app/components/hocs/DataComponent.js">
          <metrics statements="13" coveredstatements="0" conditionals="39" coveredconditionals="0" methods="15" coveredmethods="0"/>
          <line num="1" count="0" type="cond" truecount="0" falsecount="35"/>
          <line num="3" count="0" type="stmt"/>
          <line num="5" count="0" type="cond" truecount="0" falsecount="2"/>
          <line num="7" count="0" type="stmt"/>
          <line num="9" count="0" type="stmt"/>
          <line num="11" count="0" type="stmt"/>
          <line num="13" count="0" type="stmt"/>
          <line num="14" count="0" type="stmt"/>
          <line num="15" count="0" type="stmt"/>
          <line num="16" count="0" type="stmt"/>
          <line num="17" count="0" type="stmt"/>
          <line num="24" count="0" type="stmt"/>
          <line num="31" count="0" type="stmt"/>
        </file>
        <file name="ExpandableComponent.js" path="/Users/derek/Work/react-color-organizer-redux/react-color-organizer-react-redux-test/app/components/hocs/ExpandableComponent.js">
          <metrics statements="9" coveredstatements="9" conditionals="4" coveredconditionals="4" methods="4" coveredmethods="4"/>
          <line num="7" count="2" type="stmt"/>
          <line num="8" count="2" type="cond" truecount="4" falsecount="0"/>
          <line num="9" count="2" type="stmt"/>
          <line num="10" count="2" type="stmt"/>
          <line num="14" count="1" type="stmt"/>
          <line num="15" count="1" type="stmt"/>
          <line num="19" count="3" type="stmt"/>
          <line num="27" count="2" type="stmt"/>
          <line num="31" count="2" type="stmt"/>
        </file>
      </package>
      <package name="app.components.ui">
        <metrics statements="41" coveredstatements="15" conditionals="17" coveredconditionals="0" methods="25" coveredmethods="0"/>
        <file name="AddColorForm.js" path="/Users/derek/Work/react-color-organizer-redux/react-color-organizer-react-redux-test/app/components/ui/AddColorForm.js">
          <metrics statements="11" coveredstatements="2" conditionals="1" coveredconditionals="0" methods="5" coveredmethods="0"/>
          <line num="36" count="5" type="cond" truecount="0" falsecount="1"/>
          <line num="40" count="0" type="stmt"/>
          <line num="41" count="0" type="stmt"/>
          <line num="42" count="0" type="stmt"/>
          <line num="43" count="0" type="stmt"/>
          <line num="44" count="0" type="stmt"/>
          <line num="45" count="0" type="stmt"/>
          <line num="48" count="0" type="stmt"/>
          <line num="50" count="0" type="stmt"/>
          <line num="53" count="0" type="stmt"/>
          <line num="61" count="5" type="stmt"/>
        </file>
        <file name="Color.js" path="/Users/derek/Work/react-color-organizer-redux/react-color-organizer-react-redux-test/app/components/ui/Color.js">
          <metrics statements="6" coveredstatements="2" conditionals="0" coveredconditionals="0" methods="3" coveredmethods="0"/>
          <line num="10" count="0" type="stmt"/>
          <line num="11" count="0" type="stmt"/>
          <line num="30" count="5" type="stmt"/>
          <line num="39" count="5" type="stmt"/>
          <line num="41" count="0" type="stmt"/>
          <line num="42" count="0" type="stmt"/>
        </file>
        <file name="ColorList.js" path="/Users/derek/Work/react-color-organizer-redux/react-color-organizer-react-redux-test/app/components/ui/ColorList.js">
          <metrics statements="6" coveredstatements="2" conditionals="5" coveredconditionals="0" methods="6" coveredmethods="0"/>
          <line num="6" count="5" type="cond" truecount="0" falsecount="3"/>
          <line num="7" count="0" type="stmt"/>
          <line num="11" count="0" type="stmt"/>
          <line num="13" count="0" type="stmt"/>
          <line num="14" count="0" type="stmt"/>
          <line num="19" count="5" type="stmt"/>
        </file>
        <file name="SortMenu.js" path="/Users/derek/Work/react-color-organizer-redux/react-color-organizer-react-redux-test/app/components/ui/SortMenu.js">
          <metrics statements="7" coveredstatements="3" conditionals="4" coveredconditionals="0" methods="4" coveredmethods="0"/>
          <line num="5" count="5" type="stmt"/>
          <line num="32" count="5" type="cond" truecount="0" falsecount="2"/>
          <line num="34" count="0" type="stmt"/>
          <line num="37" count="0" type="stmt"/>
          <line num="41" count="0" type="stmt"/>
          <line num="42" count="0" type="stmt"/>
          <line num="48" count="5" type="stmt"/>
        </file>
        <file name="Star.js" path="/Users/derek/Work/react-color-organizer-redux/react-color-organizer-react-redux-test/app/components/ui/Star.js">
          <metrics statements="3" coveredstatements="2" conditionals="4" coveredconditionals="0" methods="2" coveredmethods="0"/>
          <line num="6" count="7" type="cond" truecount="0" falsecount="2"/>
          <line num="7" count="0" type="cond" truecount="0" falsecount="2"/>
          <line num="11" count="7" type="stmt"/>
        </file>
        <file name="StarRating.js" path="/Users/derek/Work/react-color-organizer-redux/react-color-organizer-react-redux-test/app/components/ui/StarRating.js">
          <metrics statements="5" coveredstatements="2" conditionals="3" coveredconditionals="0" methods="4" coveredmethods="0"/>
          <line num="5" count="6" type="cond" truecount="0" falsecount="3"/>
          <line num="6" count="0" type="stmt"/>
          <line num="8" count="0" type="stmt"/>
          <line num="10" count="0" type="stmt"/>
          <line num="15" count="6" type="stmt"/>
        </file>
        <file name="TimeAgo.js" path="/Users/derek/Work/react-color-organizer-redux/react-color-organizer-react-redux-test/app/components/ui/TimeAgo.js">
          <metrics statements="3" coveredstatements="2" conditionals="0" coveredconditionals="0" methods="1" coveredmethods="0"/>
          <line num="5" count="6" type="stmt"/>
          <line num="7" count="0" type="stmt"/>
          <line num="12" count="6" type="stmt"/>
        </file>
      </package>
      <package name="app.constants">
        <metrics statements="1" coveredstatements="1" conditionals="0" coveredconditionals="0" methods="0" coveredmethods="0"/>
        <file name="constants.color.js" path="/Users/derek/Work/react-color-organizer-redux/react-color-organizer-react-redux-test/app/constants/constants.color.js">
          <metrics statements="1" coveredstatements="1" conditionals="0" coveredconditionals="0" methods="0" coveredmethods="0"/>
          <line num="2" count="9" type="stmt"/>
        </file>
      </package>
      <package name="app.reducers">
        <metrics statements="17" coveredstatements="17" conditionals="17" coveredconditionals="17" methods="5" coveredmethods="5"/>
        <file name="reducer.color.js" path="/Users/derek/Work/react-color-organizer-redux/react-color-organizer-react-redux-test/app/reducers/reducer.color.js">
          <metrics statements="13" coveredstatements="13" conditionals="13" coveredconditionals="13" methods="4" coveredmethods="4"/>
          <line num="3" count="3" type="cond" truecount="2" falsecount="0"/>
          <line num="4" count="8" type="cond" truecount="3" falsecount="0"/>
          <line num="6" count="3" type="stmt"/>
          <line num="14" count="4" type="cond" truecount="2" falsecount="0"/>
          <line num="22" count="1" type="stmt"/>
          <line num="26" count="3" type="cond" truecount="2" falsecount="0"/>
          <line num="27" count="22" type="cond" truecount="4" falsecount="0"/>
          <line num="29" count="2" type="stmt"/>
          <line num="34" count="2" type="stmt"/>
          <line num="35" count="3" type="stmt"/>
          <line num="38" count="2" type="stmt"/>
          <line num="39" count="3" type="stmt"/>
          <line num="42" count="16" type="stmt"/>
        </file>
        <file name="reducer.sort.js" path="/Users/derek/Work/react-color-organizer-redux/react-color-organizer-react-redux-test/app/reducers/reducer.sort.js">
          <metrics statements="4" coveredstatements="4" conditionals="4" coveredconditionals="4" methods="1" coveredmethods="1"/>
          <line num="3" count="2" type="cond" truecount="2" falsecount="0"/>
          <line num="4" count="20" type="cond" truecount="2" falsecount="0"/>
          <line num="6" count="4" type="stmt"/>
          <line num="8" count="16" type="stmt"/>
        </file>
      </package>
      <package name="app.store">
        <metrics statements="14" coveredstatements="14" conditionals="3" coveredconditionals="3" methods="7" coveredmethods="7"/>
        <file name="storeFactory.js" path="/Users/derek/Work/react-color-organizer-redux/react-color-organizer-react-redux-test/app/store/storeFactory.js">
          <metrics statements="14" coveredstatements="14" conditionals="3" coveredconditionals="3" methods="7" coveredmethods="7"/>
          <line num="6" count="4" type="stmt"/>
          <line num="8" count="6" type="stmt"/>
          <line num="9" count="6" type="stmt"/>
          <line num="10" count="6" type="stmt"/>
          <line num="11" count="6" type="stmt"/>
          <line num="12" count="6" type="stmt"/>
          <line num="13" count="6" type="stmt"/>
          <line num="14" count="6" type="stmt"/>
          <line num="17" count="4" type="stmt"/>
          <line num="18" count="6" type="stmt"/>
          <line num="19" count="6" type="stmt"/>
          <line num="20" count="6" type="stmt"/>
          <line num="23" count="1" type="cond" truecount="1" falsecount="0"/>
          <line num="24" count="4" type="stmt"/>
        </file>
      </package>
      <package name="app.utils">
        <metrics statements="34" coveredstatements="34" conditionals="20" coveredconditionals="20" methods="18" coveredmethods="18"/>
        <file name="arrayHelper.js" path="/Users/derek/Work/react-color-organizer-redux/react-color-organizer-react-redux-test/app/utils/arrayHelper.js">
          <metrics statements="7" coveredstatements="7" conditionals="9" coveredconditionals="9" methods="5" coveredmethods="5"/>
          <line num="1" count="6" type="stmt"/>
          <line num="2" count="3" type="cond" truecount="3" falsecount="0"/>
          <line num="4" count="5" type="stmt"/>
          <line num="6" count="5" type="cond" truecount="2" falsecount="0"/>
          <line num="8" count="4" type="stmt"/>
          <line num="12" count="6" type="stmt"/>
          <line num="13" count="3" type="cond" truecount="2" falsecount="0"/>
        </file>
        <file name="timeHelper.js" path="/Users/derek/Work/react-color-organizer-redux/react-color-organizer-react-redux-test/app/utils/timeHelper.js">
          <metrics statements="27" coveredstatements="27" conditionals="11" coveredconditionals="11" methods="13" coveredmethods="13"/>
          <line num="1" count="6" type="stmt"/>
          <line num="2" count="6" type="stmt"/>
          <line num="3" count="6" type="stmt"/>
          <line num="4" count="6" type="stmt"/>
          <line num="5" count="6" type="stmt"/>
          <line num="6" count="6" type="stmt"/>
          <line num="13" count="46" type="stmt"/>
          <line num="15" count="22" type="stmt"/>
          <line num="17" count="22" type="stmt"/>
          <line num="19" count="6" type="stmt"/>
          <line num="21" count="6" type="stmt"/>
          <line num="22" count="5" type="cond" truecount="2" falsecount="0"/>
          <line num="24" count="6" type="stmt"/>
          <line num="25" count="22" type="cond" truecount="2" falsecount="0"/>
          <line num="29" count="6" type="stmt"/>
          <line num="30" count="2" type="stmt"/>
          <line num="32" count="6" type="stmt"/>
          <line num="33" count="5" type="cond" truecount="2" falsecount="0"/>
          <line num="37" count="6" type="stmt"/>
          <line num="38" count="22" type="cond" truecount="2" falsecount="0"/>
          <line num="42" count="6" type="stmt"/>
          <line num="43" count="22" type="stmt"/>
          <line num="45" count="17" type="stmt"/>
          <line num="48" count="6" type="stmt"/>
          <line num="49" count="24" type="cond" truecount="2" falsecount="0"/>
          <line num="53" count="6" type="cond" truecount="1" falsecount="0"/>
          <line num="54" count="7" type="stmt"/>
        </file>
      </package>
    </metrics>
  </project>
</coverage>
