{"/Users/derek/Work/react-color-organizer-redux/react-color-organizer-react-redux-test/app/index.js": {"path":"/Users/derek/Work/react-color-organizer-redux/react-color-organizer-react-redux-test/app/index.js","statementMap":{"0":{"start":{"line":12,"column":14},"end":{"line":12,"column":28}},"1":{"start":{"line":14,"column":0},"end":{"line":19,"column":2}}},"fnMap":{},"branchMap":{},"s":{"0":1,"1":1},"f":{},"b":{},"_coverageSchema":"332fd63041d2c1bcb487cc26dd0d5f7d97098a6c","hash":"ff5f426f223f03cba64f94f1b4e44843a5b8af2f"}
,"/Users/derek/Work/react-color-organizer-redux/react-color-organizer-react-redux-test/app/actions/actions.color.js": {"path":"/Users/derek/Work/react-color-organizer-redux/react-color-organizer-react-redux-test/app/actions/actions.color.js","statementMap":{"0":{"start":{"line":5,"column":24},"end":{"line":12,"column":4}},"1":{"start":{"line":6,"column":3},"end":{"line":12,"column":3}},"2":{"start":{"line":14,"column":27},"end":{"line":18,"column":4}},"3":{"start":{"line":15,"column":3},"end":{"line":18,"column":3}},"4":{"start":{"line":20,"column":25},"end":{"line":25,"column":4}},"5":{"start":{"line":21,"column":3},"end":{"line":25,"column":3}},"6":{"start":{"line":27,"column":26},"end":{"line":31,"column":4}},"7":{"start":{"line":28,"column":3},"end":{"line":31,"column":3}}},"fnMap":{"0":{"name":"(anonymous_0)","decl":{"start":{"line":5,"column":24},"end":{"line":5,"column":25}},"loc":{"start":{"line":6,"column":3},"end":{"line":12,"column":3}},"line":6},"1":{"name":"(anonymous_1)","decl":{"start":{"line":14,"column":27},"end":{"line":14,"column":28}},"loc":{"start":{"line":15,"column":3},"end":{"line":18,"column":3}},"line":15},"2":{"name":"(anonymous_2)","decl":{"start":{"line":20,"column":25},"end":{"line":20,"column":26}},"loc":{"start":{"line":21,"column":3},"end":{"line":25,"column":3}},"line":21},"3":{"name":"(anonymous_3)","decl":{"start":{"line":27,"column":26},"end":{"line":27,"column":27}},"loc":{"start":{"line":28,"column":3},"end":{"line":31,"column":3}},"line":28}},"branchMap":{"0":{"loc":{"start":{"line":27,"column":27},"end":{"line":27,"column":52}},"type":"default-arg","locations":[{"start":{"line":27,"column":36},"end":{"line":27,"column":52}}],"line":27}},"s":{"0":6,"1":1,"2":6,"3":2,"4":6,"5":2,"6":6,"7":4},"f":{"0":1,"1":2,"2":2,"3":4},"b":{"0":[1]},"_coverageSchema":"332fd63041d2c1bcb487cc26dd0d5f7d97098a6c","hash":"3a55ec0963d77d7cc78b53a88192da4fc05ffebc"}
,"/Users/derek/Work/react-color-organizer-redux/react-color-organizer-react-redux-test/app/components/App.js": {"path":"/Users/derek/Work/react-color-organizer-redux/react-color-organizer-react-redux-test/app/components/App.js","statementMap":{"0":{"start":{"line":46,"column":12},"end":{"line":53,"column":3}},"1":{"start":{"line":48,"column":4},"end":{"line":52,"column":10}}},"fnMap":{"0":{"name":"(anonymous_0)","decl":{"start":{"line":46,"column":12},"end":{"line":46,"column":13}},"loc":{"start":{"line":48,"column":4},"end":{"line":52,"column":10}},"line":48}},"branchMap":{},"s":{"0":2,"1":1},"f":{"0":1},"b":{},"_coverageSchema":"332fd63041d2c1bcb487cc26dd0d5f7d97098a6c","hash":"2868307d0c50db73a79a8f4f00523b068ecf1939"}
,"/Users/derek/Work/react-color-organizer-redux/react-color-organizer-react-redux-test/app/components/Containers.js": {"path":"/Users/derek/Work/react-color-organizer-redux/react-color-organizer-react-redux-test/app/components/Containers.js","statementMap":{"0":{"start":{"line":47,"column":24},"end":{"line":55,"column":15}},"1":{"start":{"line":50,"column":5},"end":{"line":54,"column":5}},"2":{"start":{"line":52,"column":8},"end":{"line":52,"column":41}},"3":{"start":{"line":57,"column":20},"end":{"line":68,"column":11}},"4":{"start":{"line":59,"column":5},"end":{"line":61,"column":5}},"5":{"start":{"line":63,"column":5},"end":{"line":67,"column":5}},"6":{"start":{"line":65,"column":8},"end":{"line":65,"column":37}},"7":{"start":{"line":70,"column":22},"end":{"line":84,"column":12}},"8":{"start":{"line":72,"column":5},"end":{"line":74,"column":5}},"9":{"start":{"line":76,"column":5},"end":{"line":83,"column":5}},"10":{"start":{"line":78,"column":8},"end":{"line":78,"column":34}},"11":{"start":{"line":81,"column":8},"end":{"line":81,"column":40}}},"fnMap":{"0":{"name":"(anonymous_0)","decl":{"start":{"line":49,"column":2},"end":{"line":49,"column":3}},"loc":{"start":{"line":50,"column":5},"end":{"line":54,"column":5}},"line":50},"1":{"name":"(anonymous_1)","decl":{"start":{"line":58,"column":2},"end":{"line":58,"column":3}},"loc":{"start":{"line":59,"column":5},"end":{"line":61,"column":5}},"line":59},"2":{"name":"(anonymous_2)","decl":{"start":{"line":62,"column":2},"end":{"line":62,"column":3}},"loc":{"start":{"line":63,"column":5},"end":{"line":67,"column":5}},"line":63},"3":{"name":"(anonymous_3)","decl":{"start":{"line":71,"column":2},"end":{"line":71,"column":3}},"loc":{"start":{"line":72,"column":5},"end":{"line":74,"column":5}},"line":72},"4":{"name":"(anonymous_4)","decl":{"start":{"line":75,"column":2},"end":{"line":75,"column":3}},"loc":{"start":{"line":76,"column":5},"end":{"line":83,"column":5}},"line":76}},"branchMap":{},"s":{"0":5,"1":1,"2":1,"3":5,"4":2,"5":1,"6":1,"7":5,"8":2,"9":1,"10":1,"11":1},"f":{"0":1,"1":2,"2":1,"3":2,"4":1},"b":{},"_coverageSchema":"332fd63041d2c1bcb487cc26dd0d5f7d97098a6c","hash":"7fe1afaffc9986264b4337312df34b5bff92ffa2"}
,"/Users/derek/Work/react-color-organizer-redux/react-color-organizer-react-redux-test/app/components/hocs/DataComponent.js": {"path":"/Users/derek/Work/react-color-organizer-redux/react-color-organizer-react-redux-test/app/components/hocs/DataComponent.js","statementMap":{"0":{"start":{"line":1,"column":13},"end":{"line":1,"column":75}},"1":{"start":{"line":1,"column":90},"end":{"line":1,"column":321}},"2":{"start":{"line":1,"column":126},"end":{"line":1,"column":306}},"3":{"start":{"line":1,"column":183},"end":{"line":1,"column":195}},"4":{"start":{"line":1,"column":196},"end":{"line":1,"column":305}},"5":{"start":{"line":1,"column":221},"end":{"line":1,"column":304}},"6":{"start":{"line":1,"column":277},"end":{"line":1,"column":303}},"7":{"start":{"line":1,"column":306},"end":{"line":1,"column":320}},"8":{"start":{"line":1,"column":341},"end":{"line":1,"column":870}},"9":{"start":{"line":1,"column":396},"end":{"line":1,"column":661}},"10":{"start":{"line":1,"column":453},"end":{"line":1,"column":461}},"11":{"start":{"line":1,"column":462},"end":{"line":1,"column":517}},"12":{"start":{"line":1,"column":517},"end":{"line":1,"column":548}},"13":{"start":{"line":1,"column":548},"end":{"line":1,"column":602}},"14":{"start":{"line":1,"column":575},"end":{"line":1,"column":602}},"15":{"start":{"line":1,"column":602},"end":{"line":1,"column":660}},"16":{"start":{"line":1,"column":662},"end":{"line":1,"column":867}},"17":{"start":{"line":1,"column":718},"end":{"line":1,"column":786}},"18":{"start":{"line":1,"column":734},"end":{"line":1,"column":786}},"19":{"start":{"line":1,"column":786},"end":{"line":1,"column":846}},"20":{"start":{"line":1,"column":803},"end":{"line":1,"column":846}},"21":{"start":{"line":1,"column":846},"end":{"line":1,"column":865}},"22":{"start":{"line":1,"column":884},"end":{"line":1,"column":900}},"23":{"start":{"line":1,"column":915},"end":{"line":1,"column":945}},"24":{"start":{"line":1,"column":984},"end":{"line":1,"column":1038}},"25":{"start":{"line":1,"column":1088},"end":{"line":1,"column":1187}},"26":{"start":{"line":1,"column":1129},"end":{"line":1,"column":1186}},"27":{"start":{"line":1,"column":1237},"end":{"line":1,"column":1336}},"28":{"start":{"line":1,"column":1249},"end":{"line":1,"column":1335}},"29":{"start":{"line":1,"column":1336},"end":{"line":1,"column":1422}},"30":{"start":{"line":1,"column":1465},"end":{"line":1,"column":1628}},"31":{"start":{"line":1,"column":1527},"end":{"line":1,"column":1627}},"32":{"start":{"line":1,"column":1628},"end":{"line":1,"column":1792}},"33":{"start":{"line":1,"column":1792},"end":{"line":1,"column":1910}},"34":{"start":{"line":1,"column":1808},"end":{"line":1,"column":1910}},"35":{"start":{"line":3,"column":20},"end":{"line":31,"column":64}},"36":{"start":{"line":3,"column":68},"end":{"line":31,"column":63}},"37":{"start":{"line":3,"column":104},"end":{"line":3,"column":148}},"38":{"start":{"line":5,"column":36},"end":{"line":5,"column":74}},"39":{"start":{"line":5,"column":86},"end":{"line":6,"column":13}},"40":{"start":{"line":7,"column":6},"end":{"line":9,"column":24}},"41":{"start":{"line":9,"column":24},"end":{"line":9,"column":37}},"42":{"start":{"line":11,"column":5},"end":{"line":31,"column":12}},"43":{"start":{"line":13,"column":20},"end":{"line":13,"column":24}},"44":{"start":{"line":14,"column":8},"end":{"line":14,"column":41}},"45":{"start":{"line":15,"column":8},"end":{"line":19,"column":29}},"46":{"start":{"line":16,"column":34},"end":{"line":16,"column":57}},"47":{"start":{"line":17,"column":30},"end":{"line":19,"column":26}},"48":{"start":{"line":24,"column":8},"end":{"line":28,"column":101}},"49":{"start":{"line":31,"column":12},"end":{"line":31,"column":34}},"50":{"start":{"line":31,"column":65},"end":{"line":34,"column":14}}},"fnMap":{"0":{"name":"(anonymous_0)","decl":{"start":{"line":1,"column":107},"end":{"line":1,"column":108}},"loc":{"start":{"line":1,"column":125},"end":{"line":1,"column":321}},"line":1},"1":{"name":"(anonymous_1)","decl":{"start":{"line":1,"column":341},"end":{"line":1,"column":342}},"loc":{"start":{"line":1,"column":353},"end":{"line":1,"column":868}},"line":1},"2":{"name":"defineProperties","decl":{"start":{"line":1,"column":363},"end":{"line":1,"column":379}},"loc":{"start":{"line":1,"column":395},"end":{"line":1,"column":662}},"line":1},"3":{"name":"(anonymous_3)","decl":{"start":{"line":1,"column":669},"end":{"line":1,"column":670}},"loc":{"start":{"line":1,"column":717},"end":{"line":1,"column":866}},"line":1},"4":{"name":"_interopRequireDefault","decl":{"start":{"line":1,"column":955},"end":{"line":1,"column":977}},"loc":{"start":{"line":1,"column":983},"end":{"line":1,"column":1039}},"line":1},"5":{"name":"_classCallCheck","decl":{"start":{"line":1,"column":1048},"end":{"line":1,"column":1063}},"loc":{"start":{"line":1,"column":1087},"end":{"line":1,"column":1188}},"line":1},"6":{"name":"_possibleConstructorReturn","decl":{"start":{"line":1,"column":1197},"end":{"line":1,"column":1223}},"loc":{"start":{"line":1,"column":1236},"end":{"line":1,"column":1423}},"line":1},"7":{"name":"_inherits","decl":{"start":{"line":1,"column":1432},"end":{"line":1,"column":1441}},"loc":{"start":{"line":1,"column":1464},"end":{"line":1,"column":1911}},"line":1},"8":{"name":"DataComponent","decl":{"start":{"line":3,"column":29},"end":{"line":3,"column":42}},"loc":{"start":{"line":3,"column":67},"end":{"line":31,"column":64}},"line":3},"9":{"name":"(anonymous_9)","decl":{"start":{"line":3,"column":75},"end":{"line":3,"column":76}},"loc":{"start":{"line":3,"column":103},"end":{"line":31,"column":35}},"line":3},"10":{"name":"_DataComponent","decl":{"start":{"line":5,"column":13},"end":{"line":5,"column":27}},"loc":{"start":{"line":5,"column":35},"end":{"line":11,"column":5}},"line":5},"11":{"name":"componentWillMount","decl":{"start":{"line":11,"column":80},"end":{"line":11,"column":98}},"loc":{"start":{"line":13,"column":6},"end":{"line":21,"column":7}},"line":13},"12":{"name":"(anonymous_12)","decl":{"start":{"line":16,"column":13},"end":{"line":16,"column":14}},"loc":{"start":{"line":16,"column":33},"end":{"line":16,"column":58}},"line":16},"13":{"name":"(anonymous_13)","decl":{"start":{"line":17,"column":13},"end":{"line":17,"column":14}},"loc":{"start":{"line":17,"column":29},"end":{"line":19,"column":27}},"line":17},"14":{"name":"render","decl":{"start":{"line":21,"column":44},"end":{"line":21,"column":50}},"loc":{"start":{"line":23,"column":6},"end":{"line":31,"column":7}},"line":23}},"branchMap":{"0":{"loc":{"start":{"line":1,"column":90},"end":{"line":1,"column":321}},"type":"binary-expr","locations":[{"start":{"line":1,"column":90},"end":{"line":1,"column":103}},{"start":{"line":1,"column":107},"end":{"line":1,"column":321}}],"line":1},"1":{"loc":{"start":{"line":1,"column":221},"end":{"line":1,"column":304}},"type":"if","locations":[{"start":{"line":1,"column":221},"end":{"line":1,"column":304}},{"start":{"line":1,"column":221},"end":{"line":1,"column":304}}],"line":1},"2":{"loc":{"start":{"line":1,"column":486},"end":{"line":1,"column":516}},"type":"binary-expr","locations":[{"start":{"line":1,"column":486},"end":{"line":1,"column":507}},{"start":{"line":1,"column":511},"end":{"line":1,"column":516}}],"line":1},"3":{"loc":{"start":{"line":1,"column":548},"end":{"line":1,"column":602}},"type":"if","locations":[{"start":{"line":1,"column":548},"end":{"line":1,"column":602}},{"start":{"line":1,"column":548},"end":{"line":1,"column":602}}],"line":1},"4":{"loc":{"start":{"line":1,"column":718},"end":{"line":1,"column":786}},"type":"if","locations":[{"start":{"line":1,"column":718},"end":{"line":1,"column":786}},{"start":{"line":1,"column":718},"end":{"line":1,"column":786}}],"line":1},"5":{"loc":{"start":{"line":1,"column":786},"end":{"line":1,"column":846}},"type":"if","locations":[{"start":{"line":1,"column":786},"end":{"line":1,"column":846}},{"start":{"line":1,"column":786},"end":{"line":1,"column":846}}],"line":1},"6":{"loc":{"start":{"line":1,"column":991},"end":{"line":1,"column":1037}},"type":"cond-expr","locations":[{"start":{"line":1,"column":1015},"end":{"line":1,"column":1018}},{"start":{"line":1,"column":1021},"end":{"line":1,"column":1037}}],"line":1},"7":{"loc":{"start":{"line":1,"column":991},"end":{"line":1,"column":1012}},"type":"binary-expr","locations":[{"start":{"line":1,"column":991},"end":{"line":1,"column":994}},{"start":{"line":1,"column":998},"end":{"line":1,"column":1012}}],"line":1},"8":{"loc":{"start":{"line":1,"column":1088},"end":{"line":1,"column":1187}},"type":"if","locations":[{"start":{"line":1,"column":1088},"end":{"line":1,"column":1187}},{"start":{"line":1,"column":1088},"end":{"line":1,"column":1187}}],"line":1},"9":{"loc":{"start":{"line":1,"column":1237},"end":{"line":1,"column":1336}},"type":"if","locations":[{"start":{"line":1,"column":1237},"end":{"line":1,"column":1336}},{"start":{"line":1,"column":1237},"end":{"line":1,"column":1336}}],"line":1},"10":{"loc":{"start":{"line":1,"column":1343},"end":{"line":1,"column":1421}},"type":"cond-expr","locations":[{"start":{"line":1,"column":1410},"end":{"line":1,"column":1414}},{"start":{"line":1,"column":1417},"end":{"line":1,"column":1421}}],"line":1},"11":{"loc":{"start":{"line":1,"column":1343},"end":{"line":1,"column":1407}},"type":"binary-expr","locations":[{"start":{"line":1,"column":1343},"end":{"line":1,"column":1347}},{"start":{"line":1,"column":1352},"end":{"line":1,"column":1376}},{"start":{"line":1,"column":1380},"end":{"line":1,"column":1406}}],"line":1},"12":{"loc":{"start":{"line":1,"column":1465},"end":{"line":1,"column":1628}},"type":"if","locations":[{"start":{"line":1,"column":1465},"end":{"line":1,"column":1628}},{"start":{"line":1,"column":1465},"end":{"line":1,"column":1628}}],"line":1},"13":{"loc":{"start":{"line":1,"column":1469},"end":{"line":1,"column":1524}},"type":"binary-expr","locations":[{"start":{"line":1,"column":1469},"end":{"line":1,"column":1501}},{"start":{"line":1,"column":1505},"end":{"line":1,"column":1524}}],"line":1},"14":{"loc":{"start":{"line":1,"column":1663},"end":{"line":1,"column":1697}},"type":"binary-expr","locations":[{"start":{"line":1,"column":1663},"end":{"line":1,"column":1673}},{"start":{"line":1,"column":1677},"end":{"line":1,"column":1697}}],"line":1},"15":{"loc":{"start":{"line":1,"column":1792},"end":{"line":1,"column":1910}},"type":"if","locations":[{"start":{"line":1,"column":1792},"end":{"line":1,"column":1910}},{"start":{"line":1,"column":1792},"end":{"line":1,"column":1910}}],"line":1},"16":{"loc":{"start":{"line":1,"column":1808},"end":{"line":1,"column":1909}},"type":"cond-expr","locations":[{"start":{"line":1,"column":1832},"end":{"line":1,"column":1875}},{"start":{"line":1,"column":1878},"end":{"line":1,"column":1909}}],"line":1},"17":{"loc":{"start":{"line":5,"column":120},"end":{"line":5,"column":185}},"type":"binary-expr","locations":[{"start":{"line":5,"column":120},"end":{"line":5,"column":144}},{"start":{"line":5,"column":148},"end":{"line":5,"column":185}}],"line":5},"18":{"loc":{"start":{"line":26,"column":12},"end":{"line":28,"column":98}},"type":"cond-expr","locations":[{"start":{"line":27,"column":12},"end":{"line":27,"column":68}},{"start":{"line":28,"column":12},"end":{"line":28,"column":98}}],"line":26}},"s":{"0":0,"1":0,"2":0,"3":0,"4":0,"5":0,"6":0,"7":0,"8":0,"9":0,"10":0,"11":0,"12":0,"13":0,"14":0,"15":0,"16":0,"17":0,"18":0,"19":0,"20":0,"21":0,"22":0,"23":0,"24":0,"25":0,"26":0,"27":0,"28":0,"29":0,"30":0,"31":0,"32":0,"33":0,"34":0,"35":0,"36":0,"37":0,"38":0,"39":0,"40":0,"41":0,"42":0,"43":0,"44":0,"45":0,"46":0,"47":0,"48":0,"49":0,"50":0},"f":{"0":0,"1":0,"2":0,"3":0,"4":0,"5":0,"6":0,"7":0,"8":0,"9":0,"10":0,"11":0,"12":0,"13":0,"14":0},"b":{"0":[0,0],"1":[0,0],"2":[0,0],"3":[0,0],"4":[0,0],"5":[0,0],"6":[0,0],"7":[0,0],"8":[0,0],"9":[0,0],"10":[0,0],"11":[0,0,0],"12":[0,0],"13":[0,0],"14":[0,0],"15":[0,0],"16":[0,0],"17":[0,0],"18":[0,0]}}
,"/Users/derek/Work/react-color-organizer-redux/react-color-organizer-react-redux-test/app/components/hocs/ExpandableComponent.js": {"path":"/Users/derek/Work/react-color-organizer-redux/react-color-organizer-react-redux-test/app/components/hocs/ExpandableComponent.js","statementMap":{"0":{"start":{"line":7,"column":6},"end":{"line":7,"column":19}},"1":{"start":{"line":8,"column":24},"end":{"line":8,"column":78}},"2":{"start":{"line":9,"column":6},"end":{"line":9,"column":33}},"3":{"start":{"line":10,"column":6},"end":{"line":10,"column":59}},"4":{"start":{"line":14,"column":22},"end":{"line":14,"column":43}},"5":{"start":{"line":15,"column":6},"end":{"line":15,"column":35}},"6":{"start":{"line":19,"column":6},"end":{"line":22,"column":27}},"7":{"start":{"line":27,"column":2},"end":{"line":29,"column":4}},"8":{"start":{"line":31,"column":2},"end":{"line":31,"column":30}}},"fnMap":{"0":{"name":"ExpandableComponent","decl":{"start":{"line":4,"column":24},"end":{"line":4,"column":43}},"loc":{"start":{"line":4,"column":63},"end":{"line":32,"column":1}},"line":4},"1":{"name":"(anonymous_1)","decl":{"start":{"line":6,"column":4},"end":{"line":6,"column":5}},"loc":{"start":{"line":6,"column":23},"end":{"line":11,"column":5}},"line":6},"2":{"name":"(anonymous_2)","decl":{"start":{"line":13,"column":4},"end":{"line":13,"column":5}},"loc":{"start":{"line":13,"column":21},"end":{"line":16,"column":5}},"line":13},"3":{"name":"(anonymous_3)","decl":{"start":{"line":18,"column":4},"end":{"line":18,"column":5}},"loc":{"start":{"line":18,"column":13},"end":{"line":23,"column":5}},"line":18}},"branchMap":{"0":{"loc":{"start":{"line":8,"column":24},"end":{"line":8,"column":78}},"type":"cond-expr","locations":[{"start":{"line":8,"column":66},"end":{"line":8,"column":70}},{"start":{"line":8,"column":73},"end":{"line":8,"column":78}}],"line":8},"1":{"loc":{"start":{"line":8,"column":25},"end":{"line":8,"column":62}},"type":"binary-expr","locations":[{"start":{"line":8,"column":25},"end":{"line":8,"column":37}},{"start":{"line":8,"column":41},"end":{"line":8,"column":62}}],"line":8}},"s":{"0":2,"1":2,"2":2,"3":2,"4":1,"5":1,"6":3,"7":2,"8":2},"f":{"0":2,"1":2,"2":1,"3":3},"b":{"0":[1,1],"1":[2,1]},"_coverageSchema":"332fd63041d2c1bcb487cc26dd0d5f7d97098a6c","hash":"49d3160f4c25c7d62bee1f5048e46d924564801c"}
,"/Users/derek/Work/react-color-organizer-redux/react-color-organizer-react-redux-test/app/components/ui/AddColorForm.js": {"path":"/Users/derek/Work/react-color-organizer-redux/react-color-organizer-react-redux-test/app/components/ui/AddColorForm.js","statementMap":{"0":{"start":{"line":36,"column":21},"end":{"line":59,"column":1}},"1":{"start":{"line":36,"column":42},"end":{"line":36,"column":43}},"2":{"start":{"line":40,"column":19},"end":{"line":46,"column":5}},"3":{"start":{"line":41,"column":8},"end":{"line":41,"column":27}},"4":{"start":{"line":42,"column":8},"end":{"line":42,"column":47}},"5":{"start":{"line":43,"column":8},"end":{"line":43,"column":26}},"6":{"start":{"line":44,"column":8},"end":{"line":44,"column":33}},"7":{"start":{"line":45,"column":8},"end":{"line":45,"column":23}},"8":{"start":{"line":48,"column":4},"end":{"line":57,"column":6}},"9":{"start":{"line":50,"column":33},"end":{"line":50,"column":47}},"10":{"start":{"line":53,"column":33},"end":{"line":53,"column":47}},"11":{"start":{"line":61,"column":0},"end":{"line":63,"column":2}}},"fnMap":{"0":{"name":"(anonymous_0)","decl":{"start":{"line":36,"column":21},"end":{"line":36,"column":22}},"loc":{"start":{"line":36,"column":50},"end":{"line":59,"column":1}},"line":36},"1":{"name":"(anonymous_1)","decl":{"start":{"line":36,"column":37},"end":{"line":36,"column":38}},"loc":{"start":{"line":36,"column":42},"end":{"line":36,"column":43}},"line":36},"2":{"name":"(anonymous_2)","decl":{"start":{"line":40,"column":19},"end":{"line":40,"column":20}},"loc":{"start":{"line":40,"column":24},"end":{"line":46,"column":5}},"line":40},"3":{"name":"(anonymous_3)","decl":{"start":{"line":50,"column":24},"end":{"line":50,"column":25}},"loc":{"start":{"line":50,"column":33},"end":{"line":50,"column":47}},"line":50},"4":{"name":"(anonymous_4)","decl":{"start":{"line":53,"column":24},"end":{"line":53,"column":25}},"loc":{"start":{"line":53,"column":33},"end":{"line":53,"column":47}},"line":53}},"branchMap":{"0":{"loc":{"start":{"line":36,"column":24},"end":{"line":36,"column":43}},"type":"default-arg","locations":[{"start":{"line":36,"column":37},"end":{"line":36,"column":43}}],"line":36}},"s":{"0":5,"1":1,"2":3,"3":2,"4":2,"5":2,"6":2,"7":2,"8":3,"9":2,"10":2,"11":5},"f":{"0":3,"1":1,"2":2,"3":2,"4":2},"b":{"0":[2]},"_coverageSchema":"332fd63041d2c1bcb487cc26dd0d5f7d97098a6c","hash":"3d7bae5cda7c678297167d49aee97ce18095d277"}
,"/Users/derek/Work/react-color-organizer-redux/react-color-organizer-react-redux-test/app/components/ui/Color.js": {"path":"/Users/derek/Work/react-color-organizer-redux/react-color-organizer-react-redux-test/app/components/ui/Color.js","statementMap":{"0":{"start":{"line":10,"column":70},"end":{"line":10,"column":80}},"1":{"start":{"line":11,"column":8},"end":{"line":25,"column":10}},"2":{"start":{"line":30,"column":0},"end":{"line":37,"column":2}},"3":{"start":{"line":39,"column":0},"end":{"line":43,"column":2}},"4":{"start":{"line":41,"column":19},"end":{"line":41,"column":20}},"5":{"start":{"line":42,"column":17},"end":{"line":42,"column":18}}},"fnMap":{"0":{"name":"(anonymous_0)","decl":{"start":{"line":9,"column":4},"end":{"line":9,"column":5}},"loc":{"start":{"line":9,"column":13},"end":{"line":26,"column":5}},"line":9},"1":{"name":"(anonymous_1)","decl":{"start":{"line":41,"column":14},"end":{"line":41,"column":15}},"loc":{"start":{"line":41,"column":19},"end":{"line":41,"column":20}},"line":41},"2":{"name":"(anonymous_2)","decl":{"start":{"line":42,"column":12},"end":{"line":42,"column":13}},"loc":{"start":{"line":42,"column":17},"end":{"line":42,"column":18}},"line":42}},"branchMap":{},"s":{"0":3,"1":3,"2":5,"3":5,"4":1,"5":1},"f":{"0":3,"1":1,"2":1},"b":{},"_coverageSchema":"332fd63041d2c1bcb487cc26dd0d5f7d97098a6c","hash":"f46a05b0195989ec4e75dc31b8306feeccc620f6"}
,"/Users/derek/Work/react-color-organizer-redux/react-color-organizer-react-redux-test/app/components/ui/ColorList.js": {"path":"/Users/derek/Work/react-color-organizer-redux/react-color-organizer-react-redux-test/app/components/ui/ColorList.js","statementMap":{"0":{"start":{"line":6,"column":18},"end":{"line":17,"column":10}},"1":{"start":{"line":6,"column":48},"end":{"line":6,"column":49}},"2":{"start":{"line":6,"column":67},"end":{"line":6,"column":68}},"3":{"start":{"line":7,"column":4},"end":{"line":17,"column":10}},"4":{"start":{"line":11,"column":16},"end":{"line":14,"column":58}},"5":{"start":{"line":13,"column":40},"end":{"line":13,"column":64}},"6":{"start":{"line":14,"column":36},"end":{"line":14,"column":54}},"7":{"start":{"line":19,"column":0},"end":{"line":23,"column":2}}},"fnMap":{"0":{"name":"(anonymous_0)","decl":{"start":{"line":6,"column":18},"end":{"line":6,"column":19}},"loc":{"start":{"line":7,"column":4},"end":{"line":17,"column":10}},"line":7},"1":{"name":"(anonymous_1)","decl":{"start":{"line":6,"column":43},"end":{"line":6,"column":44}},"loc":{"start":{"line":6,"column":48},"end":{"line":6,"column":49}},"line":6},"2":{"name":"(anonymous_2)","decl":{"start":{"line":6,"column":62},"end":{"line":6,"column":63}},"loc":{"start":{"line":6,"column":67},"end":{"line":6,"column":68}},"line":6},"3":{"name":"(anonymous_3)","decl":{"start":{"line":10,"column":23},"end":{"line":10,"column":24}},"loc":{"start":{"line":11,"column":16},"end":{"line":14,"column":58}},"line":11},"4":{"name":"(anonymous_4)","decl":{"start":{"line":13,"column":28},"end":{"line":13,"column":29}},"loc":{"start":{"line":13,"column":40},"end":{"line":13,"column":64}},"line":13},"5":{"name":"(anonymous_5)","decl":{"start":{"line":14,"column":30},"end":{"line":14,"column":31}},"loc":{"start":{"line":14,"column":36},"end":{"line":14,"column":54}},"line":14}},"branchMap":{"0":{"loc":{"start":{"line":6,"column":21},"end":{"line":6,"column":32}},"type":"default-arg","locations":[{"start":{"line":6,"column":30},"end":{"line":6,"column":32}}],"line":6},"1":{"loc":{"start":{"line":6,"column":34},"end":{"line":6,"column":49}},"type":"default-arg","locations":[{"start":{"line":6,"column":43},"end":{"line":6,"column":49}}],"line":6},"2":{"loc":{"start":{"line":6,"column":51},"end":{"line":6,"column":68}},"type":"default-arg","locations":[{"start":{"line":6,"column":62},"end":{"line":6,"column":68}}],"line":6},"3":{"loc":{"start":{"line":8,"column":9},"end":{"line":15,"column":13}},"type":"cond-expr","locations":[{"start":{"line":9,"column":12},"end":{"line":9,"column":50}},{"start":{"line":10,"column":12},"end":{"line":15,"column":13}}],"line":8}},"s":{"0":5,"1":1,"2":1,"3":6,"4":15,"5":2,"6":2,"7":5},"f":{"0":6,"1":1,"2":1,"3":15,"4":2,"5":2},"b":{"0":[1],"1":[5],"2":[5],"3":[1,5]},"_coverageSchema":"332fd63041d2c1bcb487cc26dd0d5f7d97098a6c","hash":"51a7754f30d8b28dbe8d1e714a2df468af1ee6f0"}
,"/Users/derek/Work/react-color-organizer-redux/react-color-organizer-react-redux-test/app/components/ui/SortMenu.js": {"path":"/Users/derek/Work/react-color-organizer-redux/react-color-organizer-react-redux-test/app/components/ui/SortMenu.js","statementMap":{"0":{"start":{"line":5,"column":16},"end":{"line":9,"column":1}},"1":{"start":{"line":32,"column":17},"end":{"line":46,"column":5}},"2":{"start":{"line":32,"column":61},"end":{"line":32,"column":62}},"3":{"start":{"line":34,"column":8},"end":{"line":45,"column":14}},"4":{"start":{"line":37,"column":16},"end":{"line":43,"column":33}},"5":{"start":{"line":41,"column":24},"end":{"line":41,"column":43}},"6":{"start":{"line":42,"column":24},"end":{"line":42,"column":48}},"7":{"start":{"line":48,"column":0},"end":{"line":51,"column":2}}},"fnMap":{"0":{"name":"(anonymous_0)","decl":{"start":{"line":32,"column":17},"end":{"line":32,"column":18}},"loc":{"start":{"line":34,"column":8},"end":{"line":45,"column":14}},"line":34},"1":{"name":"(anonymous_1)","decl":{"start":{"line":32,"column":56},"end":{"line":32,"column":57}},"loc":{"start":{"line":32,"column":61},"end":{"line":32,"column":62}},"line":32},"2":{"name":"(anonymous_2)","decl":{"start":{"line":36,"column":38},"end":{"line":36,"column":39}},"loc":{"start":{"line":37,"column":16},"end":{"line":43,"column":33}},"line":37},"3":{"name":"(anonymous_3)","decl":{"start":{"line":40,"column":29},"end":{"line":40,"column":30}},"loc":{"start":{"line":40,"column":34},"end":{"line":43,"column":21}},"line":40}},"branchMap":{"0":{"loc":{"start":{"line":32,"column":20},"end":{"line":32,"column":43}},"type":"default-arg","locations":[{"start":{"line":32,"column":27},"end":{"line":32,"column":43}}],"line":32},"1":{"loc":{"start":{"line":32,"column":45},"end":{"line":32,"column":62}},"type":"default-arg","locations":[{"start":{"line":32,"column":56},"end":{"line":32,"column":62}}],"line":32},"2":{"loc":{"start":{"line":39,"column":31},"end":{"line":39,"column":75}},"type":"cond-expr","locations":[{"start":{"line":39,"column":58},"end":{"line":39,"column":68}},{"start":{"line":39,"column":71},"end":{"line":39,"column":75}}],"line":39}},"s":{"0":5,"1":5,"2":1,"3":3,"4":9,"5":2,"6":2,"7":5},"f":{"0":3,"1":1,"2":9,"3":2},"b":{"0":[1],"1":[2],"2":[3,6]},"_coverageSchema":"332fd63041d2c1bcb487cc26dd0d5f7d97098a6c","hash":"5756fd6a5fc9461ed1dea98993eeae6954d42d3f"}
,"/Users/derek/Work/react-color-organizer-redux/react-color-organizer-react-redux-test/app/components/ui/Star.js": {"path":"/Users/derek/Work/react-color-organizer-redux/react-color-organizer-react-redux-test/app/components/ui/Star.js","statementMap":{"0":{"start":{"line":6,"column":13},"end":{"line":9,"column":10}},"1":{"start":{"line":6,"column":49},"end":{"line":6,"column":50}},"2":{"start":{"line":7,"column":4},"end":{"line":9,"column":10}},"3":{"start":{"line":11,"column":0},"end":{"line":14,"column":2}}},"fnMap":{"0":{"name":"(anonymous_0)","decl":{"start":{"line":6,"column":13},"end":{"line":6,"column":14}},"loc":{"start":{"line":7,"column":4},"end":{"line":9,"column":10}},"line":7},"1":{"name":"(anonymous_1)","decl":{"start":{"line":6,"column":44},"end":{"line":6,"column":45}},"loc":{"start":{"line":6,"column":49},"end":{"line":6,"column":50}},"line":6}},"branchMap":{"0":{"loc":{"start":{"line":6,"column":16},"end":{"line":6,"column":32}},"type":"default-arg","locations":[{"start":{"line":6,"column":27},"end":{"line":6,"column":32}}],"line":6},"1":{"loc":{"start":{"line":6,"column":34},"end":{"line":6,"column":50}},"type":"default-arg","locations":[{"start":{"line":6,"column":44},"end":{"line":6,"column":50}}],"line":6},"2":{"loc":{"start":{"line":7,"column":20},"end":{"line":7,"column":57}},"type":"cond-expr","locations":[{"start":{"line":7,"column":33},"end":{"line":7,"column":48}},{"start":{"line":7,"column":51},"end":{"line":7,"column":57}}],"line":7}},"s":{"0":7,"1":1,"2":26,"3":7},"f":{"0":26,"1":1},"b":{"0":[2],"1":[3],"2":[6,20]},"_coverageSchema":"332fd63041d2c1bcb487cc26dd0d5f7d97098a6c","hash":"cb211c76c468a8d14bcfe0e3d005cc5c1e0c79dc"}
,"/Users/derek/Work/react-color-organizer-redux/react-color-organizer-react-redux-test/app/components/ui/StarRating.js": {"path":"/Users/derek/Work/react-color-organizer-redux/react-color-organizer-react-redux-test/app/components/ui/StarRating.js","statementMap":{"0":{"start":{"line":5,"column":19},"end":{"line":13,"column":10}},"1":{"start":{"line":5,"column":71},"end":{"line":5,"column":72}},"2":{"start":{"line":6,"column":4},"end":{"line":13,"column":10}},"3":{"start":{"line":8,"column":12},"end":{"line":10,"column":48}},"4":{"start":{"line":10,"column":31},"end":{"line":10,"column":44}},"5":{"start":{"line":15,"column":0},"end":{"line":19,"column":2}}},"fnMap":{"0":{"name":"(anonymous_0)","decl":{"start":{"line":5,"column":19},"end":{"line":5,"column":20}},"loc":{"start":{"line":6,"column":4},"end":{"line":13,"column":10}},"line":6},"1":{"name":"(anonymous_1)","decl":{"start":{"line":5,"column":66},"end":{"line":5,"column":67}},"loc":{"start":{"line":5,"column":71},"end":{"line":5,"column":72}},"line":5},"2":{"name":"(anonymous_2)","decl":{"start":{"line":7,"column":36},"end":{"line":7,"column":37}},"loc":{"start":{"line":8,"column":12},"end":{"line":10,"column":48}},"line":8},"3":{"name":"(anonymous_3)","decl":{"start":{"line":10,"column":25},"end":{"line":10,"column":26}},"loc":{"start":{"line":10,"column":31},"end":{"line":10,"column":44}},"line":10}},"branchMap":{"0":{"loc":{"start":{"line":5,"column":22},"end":{"line":5,"column":39}},"type":"default-arg","locations":[{"start":{"line":5,"column":38},"end":{"line":5,"column":39}}],"line":5},"1":{"loc":{"start":{"line":5,"column":41},"end":{"line":5,"column":55}},"type":"default-arg","locations":[{"start":{"line":5,"column":54},"end":{"line":5,"column":55}}],"line":5},"2":{"loc":{"start":{"line":5,"column":57},"end":{"line":5,"column":72}},"type":"default-arg","locations":[{"start":{"line":5,"column":66},"end":{"line":5,"column":72}}],"line":5}},"s":{"0":6,"1":1,"2":4,"3":22,"4":4,"5":6},"f":{"0":4,"1":1,"2":22,"3":4},"b":{"0":[1],"1":[3],"2":[1]},"_coverageSchema":"332fd63041d2c1bcb487cc26dd0d5f7d97098a6c","hash":"659d7d2f4e03babd99fd8580815cd00572495ff3"}
,"/Users/derek/Work/react-color-organizer-redux/react-color-organizer-react-redux-test/app/components/ui/TimeAgo.js": {"path":"/Users/derek/Work/react-color-organizer-redux/react-color-organizer-react-redux-test/app/components/ui/TimeAgo.js","statementMap":{"0":{"start":{"line":5,"column":16},"end":{"line":10,"column":3}},"1":{"start":{"line":7,"column":4},"end":{"line":9,"column":10}},"2":{"start":{"line":12,"column":0},"end":{"line":14,"column":2}}},"fnMap":{"0":{"name":"(anonymous_0)","decl":{"start":{"line":5,"column":16},"end":{"line":5,"column":17}},"loc":{"start":{"line":7,"column":4},"end":{"line":9,"column":10}},"line":7}},"branchMap":{},"s":{"0":6,"1":3,"2":6},"f":{"0":3},"b":{},"_coverageSchema":"332fd63041d2c1bcb487cc26dd0d5f7d97098a6c","hash":"84b0f4ea833b551a0932918694759ad223528e43"}
,"/Users/derek/Work/react-color-organizer-redux/react-color-organizer-react-redux-test/app/constants/constants.color.js": {"path":"/Users/derek/Work/react-color-organizer-redux/react-color-organizer-react-redux-test/app/constants/constants.color.js","statementMap":{"0":{"start":{"line":2,"column":18},"end":{"line":7,"column":1}}},"fnMap":{},"branchMap":{},"s":{"0":9},"f":{},"b":{},"_coverageSchema":"332fd63041d2c1bcb487cc26dd0d5f7d97098a6c","hash":"9458d8753fd58a11646e3417c70ce1602759bc06"}
,"/Users/derek/Work/react-color-organizer-redux/react-color-organizer-react-redux-test/app/reducers/reducer.color.js": {"path":"/Users/derek/Work/react-color-organizer-redux/react-color-organizer-react-redux-test/app/reducers/reducer.color.js","statementMap":{"0":{"start":{"line":3,"column":28},"end":{"line":24,"column":1}},"1":{"start":{"line":4,"column":2},"end":{"line":23,"column":3}},"2":{"start":{"line":6,"column":6},"end":{"line":12,"column":8}},"3":{"start":{"line":14,"column":6},"end":{"line":20,"column":10}},"4":{"start":{"line":22,"column":6},"end":{"line":22,"column":19}},"5":{"start":{"line":26,"column":29},"end":{"line":44,"column":1}},"6":{"start":{"line":27,"column":2},"end":{"line":43,"column":3}},"7":{"start":{"line":29,"column":6},"end":{"line":32,"column":8}},"8":{"start":{"line":34,"column":6},"end":{"line":36,"column":8}},"9":{"start":{"line":35,"column":13},"end":{"line":35,"column":36}},"10":{"start":{"line":38,"column":6},"end":{"line":40,"column":8}},"11":{"start":{"line":39,"column":13},"end":{"line":39,"column":31}},"12":{"start":{"line":42,"column":6},"end":{"line":42,"column":19}}},"fnMap":{"0":{"name":"(anonymous_0)","decl":{"start":{"line":3,"column":28},"end":{"line":3,"column":29}},"loc":{"start":{"line":3,"column":69},"end":{"line":24,"column":1}},"line":3},"1":{"name":"(anonymous_1)","decl":{"start":{"line":26,"column":29},"end":{"line":26,"column":30}},"loc":{"start":{"line":26,"column":70},"end":{"line":44,"column":1}},"line":26},"2":{"name":"(anonymous_2)","decl":{"start":{"line":35,"column":8},"end":{"line":35,"column":9}},"loc":{"start":{"line":35,"column":13},"end":{"line":35,"column":36}},"line":35},"3":{"name":"(anonymous_3)","decl":{"start":{"line":39,"column":8},"end":{"line":39,"column":9}},"loc":{"start":{"line":39,"column":13},"end":{"line":39,"column":31}},"line":39}},"branchMap":{"0":{"loc":{"start":{"line":3,"column":29},"end":{"line":3,"column":39}},"type":"default-arg","locations":[{"start":{"line":3,"column":37},"end":{"line":3,"column":39}}],"line":3},"1":{"loc":{"start":{"line":3,"column":41},"end":{"line":3,"column":64}},"type":"default-arg","locations":[{"start":{"line":3,"column":50},"end":{"line":3,"column":64}}],"line":3},"2":{"loc":{"start":{"line":4,"column":2},"end":{"line":23,"column":3}},"type":"switch","locations":[{"start":{"line":5,"column":4},"end":{"line":12,"column":8}},{"start":{"line":13,"column":4},"end":{"line":20,"column":10}},{"start":{"line":21,"column":4},"end":{"line":22,"column":19}}],"line":4},"3":{"loc":{"start":{"line":14,"column":13},"end":{"line":20,"column":9}},"type":"cond-expr","locations":[{"start":{"line":15,"column":8},"end":{"line":15,"column":13}},{"start":{"line":17,"column":8},"end":{"line":20,"column":9}}],"line":14},"4":{"loc":{"start":{"line":26,"column":30},"end":{"line":26,"column":40}},"type":"default-arg","locations":[{"start":{"line":26,"column":38},"end":{"line":26,"column":40}}],"line":26},"5":{"loc":{"start":{"line":26,"column":42},"end":{"line":26,"column":65}},"type":"default-arg","locations":[{"start":{"line":26,"column":51},"end":{"line":26,"column":65}}],"line":26},"6":{"loc":{"start":{"line":27,"column":2},"end":{"line":43,"column":3}},"type":"switch","locations":[{"start":{"line":28,"column":4},"end":{"line":32,"column":8}},{"start":{"line":33,"column":4},"end":{"line":36,"column":8}},{"start":{"line":37,"column":4},"end":{"line":40,"column":8}},{"start":{"line":41,"column":4},"end":{"line":42,"column":19}}],"line":27}},"s":{"0":3,"1":8,"2":3,"3":4,"4":1,"5":3,"6":22,"7":2,"8":2,"9":3,"10":2,"11":3,"12":16},"f":{"0":8,"1":22,"2":3,"3":3},"b":{"0":[1],"1":[1],"2":[3,4,1],"3":[1,3],"4":[9],"5":[1],"6":[2,2,2,16]},"_coverageSchema":"332fd63041d2c1bcb487cc26dd0d5f7d97098a6c","hash":"c5a4b7f90823390c140346ad8495b7f0e34fce8e"}
,"/Users/derek/Work/react-color-organizer-redux/react-color-organizer-react-redux-test/app/reducers/reducer.sort.js": {"path":"/Users/derek/Work/react-color-organizer-redux/react-color-organizer-react-redux-test/app/reducers/reducer.sort.js","statementMap":{"0":{"start":{"line":3,"column":27},"end":{"line":10,"column":1}},"1":{"start":{"line":4,"column":2},"end":{"line":9,"column":3}},"2":{"start":{"line":6,"column":6},"end":{"line":6,"column":27}},"3":{"start":{"line":8,"column":6},"end":{"line":8,"column":19}}},"fnMap":{"0":{"name":"(anonymous_0)","decl":{"start":{"line":3,"column":27},"end":{"line":3,"column":28}},"loc":{"start":{"line":3,"column":82},"end":{"line":10,"column":1}},"line":3}},"branchMap":{"0":{"loc":{"start":{"line":3,"column":28},"end":{"line":3,"column":52}},"type":"default-arg","locations":[{"start":{"line":3,"column":36},"end":{"line":3,"column":52}}],"line":3},"1":{"loc":{"start":{"line":3,"column":54},"end":{"line":3,"column":77}},"type":"default-arg","locations":[{"start":{"line":3,"column":63},"end":{"line":3,"column":77}}],"line":3},"2":{"loc":{"start":{"line":4,"column":2},"end":{"line":9,"column":3}},"type":"switch","locations":[{"start":{"line":5,"column":4},"end":{"line":6,"column":27}},{"start":{"line":7,"column":4},"end":{"line":8,"column":19}}],"line":4}},"s":{"0":2,"1":20,"2":4,"3":16},"f":{"0":20},"b":{"0":[11],"1":[1],"2":[4,16]},"_coverageSchema":"332fd63041d2c1bcb487cc26dd0d5f7d97098a6c","hash":"a9c3c9139c5bdb33dfca98df3130e3874ddd8c8d"}
,"/Users/derek/Work/react-color-organizer-redux/react-color-organizer-react-redux-test/app/store/storeFactory.js": {"path":"/Users/derek/Work/react-color-organizer-redux/react-color-organizer-react-redux-test/app/store/storeFactory.js","statementMap":{"0":{"start":{"line":6,"column":15},"end":{"line":15,"column":1}},"1":{"start":{"line":6,"column":24},"end":{"line":15,"column":1}},"2":{"start":{"line":6,"column":32},"end":{"line":15,"column":1}},"3":{"start":{"line":8,"column":2},"end":{"line":8,"column":53}},"4":{"start":{"line":9,"column":2},"end":{"line":9,"column":46}},"5":{"start":{"line":10,"column":2},"end":{"line":10,"column":32}},"6":{"start":{"line":11,"column":2},"end":{"line":11,"column":24}},"7":{"start":{"line":12,"column":2},"end":{"line":12,"column":46}},"8":{"start":{"line":13,"column":2},"end":{"line":13,"column":21}},"9":{"start":{"line":14,"column":2},"end":{"line":14,"column":16}},"10":{"start":{"line":17,"column":14},"end":{"line":21,"column":1}},"11":{"start":{"line":17,"column":23},"end":{"line":21,"column":1}},"12":{"start":{"line":17,"column":31},"end":{"line":21,"column":1}},"13":{"start":{"line":18,"column":15},"end":{"line":18,"column":27}},"14":{"start":{"line":19,"column":2},"end":{"line":19,"column":65}},"15":{"start":{"line":20,"column":2},"end":{"line":20,"column":16}},"16":{"start":{"line":23,"column":21},"end":{"line":29,"column":3}},"17":{"start":{"line":24,"column":2},"end":{"line":29,"column":3}}},"fnMap":{"0":{"name":"(anonymous_0)","decl":{"start":{"line":6,"column":15},"end":{"line":6,"column":16}},"loc":{"start":{"line":6,"column":24},"end":{"line":15,"column":1}},"line":6},"1":{"name":"(anonymous_1)","decl":{"start":{"line":6,"column":24},"end":{"line":6,"column":25}},"loc":{"start":{"line":6,"column":32},"end":{"line":15,"column":1}},"line":6},"2":{"name":"(anonymous_2)","decl":{"start":{"line":6,"column":32},"end":{"line":6,"column":33}},"loc":{"start":{"line":6,"column":42},"end":{"line":15,"column":1}},"line":6},"3":{"name":"(anonymous_3)","decl":{"start":{"line":17,"column":14},"end":{"line":17,"column":15}},"loc":{"start":{"line":17,"column":23},"end":{"line":21,"column":1}},"line":17},"4":{"name":"(anonymous_4)","decl":{"start":{"line":17,"column":23},"end":{"line":17,"column":24}},"loc":{"start":{"line":17,"column":31},"end":{"line":21,"column":1}},"line":17},"5":{"name":"(anonymous_5)","decl":{"start":{"line":17,"column":31},"end":{"line":17,"column":32}},"loc":{"start":{"line":17,"column":41},"end":{"line":21,"column":1}},"line":17},"6":{"name":"(anonymous_6)","decl":{"start":{"line":23,"column":21},"end":{"line":23,"column":22}},"loc":{"start":{"line":24,"column":2},"end":{"line":29,"column":3}},"line":24}},"branchMap":{"0":{"loc":{"start":{"line":23,"column":22},"end":{"line":23,"column":46}},"type":"default-arg","locations":[{"start":{"line":23,"column":37},"end":{"line":23,"column":46}}],"line":23},"1":{"loc":{"start":{"line":26,"column":4},"end":{"line":28,"column":18}},"type":"cond-expr","locations":[{"start":{"line":27,"column":6},"end":{"line":27,"column":45}},{"start":{"line":28,"column":6},"end":{"line":28,"column":18}}],"line":26}},"s":{"0":1,"1":4,"2":4,"3":6,"4":6,"5":6,"6":6,"7":6,"8":6,"9":6,"10":1,"11":4,"12":4,"13":6,"14":6,"15":6,"16":1,"17":4},"f":{"0":4,"1":4,"2":6,"3":4,"4":4,"5":6,"6":4},"b":{"0":[1],"1":[2,2]},"_coverageSchema":"332fd63041d2c1bcb487cc26dd0d5f7d97098a6c","hash":"6cdcd0fe510619ba04e43bb3f726e19bc51e21e4"}
,"/Users/derek/Work/react-color-organizer-redux/react-color-organizer-react-redux-test/app/utils/arrayHelper.js": {"path":"/Users/derek/Work/react-color-organizer-redux/react-color-organizer-react-redux-test/app/utils/arrayHelper.js","statementMap":{"0":{"start":{"line":1,"column":15},"end":{"line":10,"column":1}},"1":{"start":{"line":2,"column":2},"end":{"line":9,"column":3}},"2":{"start":{"line":4,"column":6},"end":{"line":4,"column":63}},"3":{"start":{"line":4,"column":23},"end":{"line":4,"column":62}},"4":{"start":{"line":6,"column":6},"end":{"line":6,"column":54}},"5":{"start":{"line":6,"column":23},"end":{"line":6,"column":53}},"6":{"start":{"line":8,"column":6},"end":{"line":8,"column":43}},"7":{"start":{"line":8,"column":23},"end":{"line":8,"column":42}},"8":{"start":{"line":12,"column":28},"end":{"line":17,"column":33}},"9":{"start":{"line":13,"column":2},"end":{"line":17,"column":33}}},"fnMap":{"0":{"name":"(anonymous_0)","decl":{"start":{"line":1,"column":15},"end":{"line":1,"column":16}},"loc":{"start":{"line":1,"column":32},"end":{"line":10,"column":1}},"line":1},"1":{"name":"(anonymous_1)","decl":{"start":{"line":4,"column":13},"end":{"line":4,"column":14}},"loc":{"start":{"line":4,"column":23},"end":{"line":4,"column":62}},"line":4},"2":{"name":"(anonymous_2)","decl":{"start":{"line":6,"column":13},"end":{"line":6,"column":14}},"loc":{"start":{"line":6,"column":23},"end":{"line":6,"column":53}},"line":6},"3":{"name":"(anonymous_3)","decl":{"start":{"line":8,"column":13},"end":{"line":8,"column":14}},"loc":{"start":{"line":8,"column":23},"end":{"line":8,"column":42}},"line":8},"4":{"name":"(anonymous_4)","decl":{"start":{"line":12,"column":28},"end":{"line":12,"column":29}},"loc":{"start":{"line":13,"column":2},"end":{"line":17,"column":33}},"line":13}},"branchMap":{"0":{"loc":{"start":{"line":2,"column":2},"end":{"line":9,"column":3}},"type":"switch","locations":[{"start":{"line":3,"column":4},"end":{"line":4,"column":63}},{"start":{"line":5,"column":4},"end":{"line":6,"column":54}},{"start":{"line":7,"column":4},"end":{"line":8,"column":43}}],"line":2},"1":{"loc":{"start":{"line":6,"column":23},"end":{"line":6,"column":53}},"type":"cond-expr","locations":[{"start":{"line":6,"column":47},"end":{"line":6,"column":49}},{"start":{"line":6,"column":52},"end":{"line":6,"column":53}}],"line":6},"2":{"loc":{"start":{"line":13,"column":2},"end":{"line":17,"column":33}},"type":"cond-expr","locations":[{"start":{"line":14,"column":4},"end":{"line":14,"column":29}},{"start":{"line":15,"column":4},"end":{"line":17,"column":33}}],"line":13},"3":{"loc":{"start":{"line":15,"column":4},"end":{"line":17,"column":33}},"type":"cond-expr","locations":[{"start":{"line":16,"column":6},"end":{"line":16,"column":32}},{"start":{"line":17,"column":6},"end":{"line":17,"column":33}}],"line":15}},"s":{"0":6,"1":5,"2":3,"3":11,"4":1,"5":5,"6":1,"7":4,"8":6,"9":5},"f":{"0":5,"1":11,"2":5,"3":4,"4":5},"b":{"0":[3,1,1],"1":[1,4],"2":[1,4],"3":[1,3]},"_coverageSchema":"332fd63041d2c1bcb487cc26dd0d5f7d97098a6c","hash":"7d27856061b86f2124d1b96872e176e5bdd9afac"}
,"/Users/derek/Work/react-color-organizer-redux/react-color-organizer-react-redux-test/app/utils/timeHelper.js": {"path":"/Users/derek/Work/react-color-organizer-redux/react-color-organizer-react-redux-test/app/utils/timeHelper.js","statementMap":{"0":{"start":{"line":1,"column":15},"end":{"line":1,"column":19}},"1":{"start":{"line":2,"column":11},"end":{"line":2,"column":22}},"2":{"start":{"line":3,"column":9},"end":{"line":3,"column":20}},"3":{"start":{"line":4,"column":8},"end":{"line":4,"column":17}},"4":{"start":{"line":5,"column":14},"end":{"line":5,"column":43}},"5":{"start":{"line":6,"column":16},"end":{"line":11,"column":3}},"6":{"start":{"line":13,"column":15},"end":{"line":13,"column":59}},"7":{"start":{"line":13,"column":34},"end":{"line":13,"column":59}},"8":{"start":{"line":15,"column":16},"end":{"line":15,"column":67}},"9":{"start":{"line":15,"column":36},"end":{"line":15,"column":67}},"10":{"start":{"line":17,"column":20},"end":{"line":17,"column":70}},"11":{"start":{"line":17,"column":47},"end":{"line":17,"column":70}},"12":{"start":{"line":19,"column":26},"end":{"line":19,"column":75}},"13":{"start":{"line":19,"column":47},"end":{"line":19,"column":75}},"14":{"start":{"line":21,"column":20},"end":{"line":22,"column":58}},"15":{"start":{"line":22,"column":2},"end":{"line":22,"column":58}},"16":{"start":{"line":24,"column":18},"end":{"line":27,"column":8}},"17":{"start":{"line":25,"column":2},"end":{"line":27,"column":8}},"18":{"start":{"line":29,"column":22},"end":{"line":30,"column":78}},"19":{"start":{"line":30,"column":2},"end":{"line":30,"column":78}},"20":{"start":{"line":32,"column":24},"end":{"line":35,"column":23}},"21":{"start":{"line":33,"column":2},"end":{"line":35,"column":23}},"22":{"start":{"line":37,"column":19},"end":{"line":40,"column":14}},"23":{"start":{"line":38,"column":2},"end":{"line":40,"column":14}},"24":{"start":{"line":42,"column":18},"end":{"line":46,"column":3}},"25":{"start":{"line":43,"column":2},"end":{"line":46,"column":3}},"26":{"start":{"line":45,"column":10},"end":{"line":45,"column":53}},"27":{"start":{"line":48,"column":19},"end":{"line":51,"column":60}},"28":{"start":{"line":49,"column":2},"end":{"line":51,"column":60}},"29":{"start":{"line":53,"column":19},"end":{"line":54,"column":63}},"30":{"start":{"line":54,"column":2},"end":{"line":54,"column":63}}},"fnMap":{"0":{"name":"(anonymous_0)","decl":{"start":{"line":13,"column":15},"end":{"line":13,"column":16}},"loc":{"start":{"line":13,"column":34},"end":{"line":13,"column":59}},"line":13},"1":{"name":"(anonymous_1)","decl":{"start":{"line":15,"column":16},"end":{"line":15,"column":17}},"loc":{"start":{"line":15,"column":36},"end":{"line":15,"column":67}},"line":15},"2":{"name":"(anonymous_2)","decl":{"start":{"line":17,"column":20},"end":{"line":17,"column":21}},"loc":{"start":{"line":17,"column":47},"end":{"line":17,"column":70}},"line":17},"3":{"name":"(anonymous_3)","decl":{"start":{"line":19,"column":26},"end":{"line":19,"column":27}},"loc":{"start":{"line":19,"column":47},"end":{"line":19,"column":75}},"line":19},"4":{"name":"(anonymous_4)","decl":{"start":{"line":21,"column":20},"end":{"line":21,"column":21}},"loc":{"start":{"line":22,"column":2},"end":{"line":22,"column":58}},"line":22},"5":{"name":"(anonymous_5)","decl":{"start":{"line":24,"column":18},"end":{"line":24,"column":19}},"loc":{"start":{"line":25,"column":2},"end":{"line":27,"column":8}},"line":25},"6":{"name":"(anonymous_6)","decl":{"start":{"line":29,"column":22},"end":{"line":29,"column":23}},"loc":{"start":{"line":30,"column":2},"end":{"line":30,"column":78}},"line":30},"7":{"name":"(anonymous_7)","decl":{"start":{"line":32,"column":24},"end":{"line":32,"column":25}},"loc":{"start":{"line":33,"column":2},"end":{"line":35,"column":23}},"line":33},"8":{"name":"(anonymous_8)","decl":{"start":{"line":37,"column":19},"end":{"line":37,"column":20}},"loc":{"start":{"line":38,"column":2},"end":{"line":40,"column":14}},"line":38},"9":{"name":"(anonymous_9)","decl":{"start":{"line":42,"column":18},"end":{"line":42,"column":19}},"loc":{"start":{"line":43,"column":2},"end":{"line":46,"column":3}},"line":43},"10":{"name":"(anonymous_10)","decl":{"start":{"line":45,"column":4},"end":{"line":45,"column":5}},"loc":{"start":{"line":45,"column":10},"end":{"line":45,"column":53}},"line":45},"11":{"name":"(anonymous_11)","decl":{"start":{"line":48,"column":19},"end":{"line":48,"column":20}},"loc":{"start":{"line":49,"column":2},"end":{"line":51,"column":60}},"line":49},"12":{"name":"(anonymous_12)","decl":{"start":{"line":53,"column":19},"end":{"line":53,"column":20}},"loc":{"start":{"line":54,"column":2},"end":{"line":54,"column":63}},"line":54}},"branchMap":{"0":{"loc":{"start":{"line":22,"column":32},"end":{"line":22,"column":55}},"type":"cond-expr","locations":[{"start":{"line":22,"column":47},"end":{"line":22,"column":50}},{"start":{"line":22,"column":53},"end":{"line":22,"column":55}}],"line":22},"1":{"loc":{"start":{"line":25,"column":2},"end":{"line":27,"column":8}},"type":"cond-expr","locations":[{"start":{"line":26,"column":4},"end":{"line":26,"column":81}},{"start":{"line":27,"column":4},"end":{"line":27,"column":8}}],"line":25},"2":{"loc":{"start":{"line":33,"column":2},"end":{"line":35,"column":23}},"type":"cond-expr","locations":[{"start":{"line":34,"column":4},"end":{"line":34,"column":24}},{"start":{"line":35,"column":4},"end":{"line":35,"column":23}}],"line":33},"3":{"loc":{"start":{"line":38,"column":2},"end":{"line":40,"column":14}},"type":"cond-expr","locations":[{"start":{"line":39,"column":4},"end":{"line":39,"column":27}},{"start":{"line":40,"column":4},"end":{"line":40,"column":14}}],"line":38},"4":{"loc":{"start":{"line":49,"column":2},"end":{"line":51,"column":60}},"type":"cond-expr","locations":[{"start":{"line":50,"column":4},"end":{"line":50,"column":36}},{"start":{"line":51,"column":4},"end":{"line":51,"column":60}}],"line":49},"5":{"loc":{"start":{"line":53,"column":31},"end":{"line":53,"column":58}},"type":"default-arg","locations":[{"start":{"line":53,"column":37},"end":{"line":53,"column":58}}],"line":53}},"s":{"0":6,"1":6,"2":6,"3":6,"4":6,"5":6,"6":6,"7":64,"8":6,"9":30,"10":6,"11":30,"12":6,"13":5,"14":6,"15":5,"16":6,"17":30,"18":6,"19":4,"20":6,"21":5,"22":6,"23":30,"24":6,"25":30,"26":25,"27":6,"28":34,"29":6,"30":9},"f":{"0":64,"1":30,"2":30,"3":5,"4":5,"5":30,"6":4,"7":5,"8":30,"9":30,"10":25,"11":34,"12":9},"b":{"0":[4,1],"1":[5,25],"2":[1,4],"3":[5,25],"4":[4,30],"5":[3]},"_coverageSchema":"332fd63041d2c1bcb487cc26dd0d5f7d97098a6c","hash":"8074807ceadd65bbee01a42b3614ef5ed647b287"}
}
