TN:
SF:/Users/derek/Work/react-color-organizer-redux/react-color-organizer-react-redux-test/app/index.js
FNF:0
FNH:0
DA:12,1
DA:14,1
LF:2
LH:2
BRF:0
BRH:0
end_of_record
TN:
SF:/Users/derek/Work/react-color-organizer-redux/react-color-organizer-react-redux-test/app/actions/actions.color.js
FN:5,(anonymous_0)
FN:14,(anonymous_1)
FN:20,(anonymous_2)
FN:27,(anonymous_3)
FNF:4
FNH:4
FNDA:1,(anonymous_0)
FNDA:2,(anonymous_1)
FNDA:2,(anonymous_2)
FNDA:4,(anonymous_3)
DA:5,6
DA:6,1
DA:14,6
DA:15,2
DA:20,6
DA:21,2
DA:27,6
DA:28,4
LF:8
LH:8
BRDA:27,0,0,1
BRF:1
BRH:1
end_of_record
TN:
SF:/Users/derek/Work/react-color-organizer-redux/react-color-organizer-react-redux-test/app/components/App.js
FN:46,(anonymous_0)
FNF:1
FNH:1
FNDA:1,(anonymous_0)
DA:46,2
DA:48,1
LF:2
LH:2
BRF:0
BRH:0
end_of_record
TN:
SF:/Users/derek/Work/react-color-organizer-redux/react-color-organizer-react-redux-test/app/components/Containers.js
FN:49,(anonymous_0)
FN:58,(anonymous_1)
FN:62,(anonymous_2)
FN:71,(anonymous_3)
FN:75,(anonymous_4)
FNF:5
FNH:5
FNDA:1,(anonymous_0)
FNDA:2,(anonymous_1)
FNDA:1,(anonymous_2)
FNDA:2,(anonymous_3)
FNDA:1,(anonymous_4)
DA:47,5
DA:50,1
DA:52,1
DA:57,5
DA:59,2
DA:63,1
DA:65,1
DA:70,5
DA:72,2
DA:76,1
DA:78,1
DA:81,1
LF:12
LH:12
BRF:0
BRH:0
end_of_record
TN:
SF:/Users/derek/Work/react-color-organizer-redux/react-color-organizer-react-redux-test/app/components/hocs/DataComponent.js
FN:1,(anonymous_0)
FN:1,(anonymous_1)
FN:1,defineProperties
FN:1,(anonymous_3)
FN:1,_interopRequireDefault
FN:1,_classCallCheck
FN:1,_possibleConstructorReturn
FN:1,_inherits
FN:3,DataComponent
FN:3,(anonymous_9)
FN:5,_DataComponent
FN:11,componentWillMount
FN:16,(anonymous_12)
FN:17,(anonymous_13)
FN:21,render
FNF:15
FNH:0
FNDA:0,(anonymous_0)
FNDA:0,(anonymous_1)
FNDA:0,defineProperties
FNDA:0,(anonymous_3)
FNDA:0,_interopRequireDefault
FNDA:0,_classCallCheck
FNDA:0,_possibleConstructorReturn
FNDA:0,_inherits
FNDA:0,DataComponent
FNDA:0,(anonymous_9)
FNDA:0,_DataComponent
FNDA:0,componentWillMount
FNDA:0,(anonymous_12)
FNDA:0,(anonymous_13)
FNDA:0,render
DA:1,0
DA:3,0
DA:5,0
DA:7,0
DA:9,0
DA:11,0
DA:13,0
DA:14,0
DA:15,0
DA:16,0
DA:17,0
DA:24,0
DA:31,0
LF:13
LH:0
BRDA:1,0,0,0
BRDA:1,0,1,0
BRDA:1,1,0,0
BRDA:1,1,1,0
BRDA:1,2,0,0
BRDA:1,2,1,0
BRDA:1,3,0,0
BRDA:1,3,1,0
BRDA:1,4,0,0
BRDA:1,4,1,0
BRDA:1,5,0,0
BRDA:1,5,1,0
BRDA:1,6,0,0
BRDA:1,6,1,0
BRDA:1,7,0,0
BRDA:1,7,1,0
BRDA:1,8,0,0
BRDA:1,8,1,0
BRDA:1,9,0,0
BRDA:1,9,1,0
BRDA:1,10,0,0
BRDA:1,10,1,0
BRDA:1,11,0,0
BRDA:1,11,1,0
BRDA:1,11,2,0
BRDA:1,12,0,0
BRDA:1,12,1,0
BRDA:1,13,0,0
BRDA:1,13,1,0
BRDA:1,14,0,0
BRDA:1,14,1,0
BRDA:1,15,0,0
BRDA:1,15,1,0
BRDA:1,16,0,0
BRDA:1,16,1,0
BRDA:5,17,0,0
BRDA:5,17,1,0
BRDA:26,18,0,0
BRDA:26,18,1,0
BRF:39
BRH:0
end_of_record
TN:
SF:/Users/derek/Work/react-color-organizer-redux/react-color-organizer-react-redux-test/app/components/hocs/ExpandableComponent.js
FN:4,ExpandableComponent
FN:6,(anonymous_1)
FN:13,(anonymous_2)
FN:18,(anonymous_3)
FNF:4
FNH:4
FNDA:2,ExpandableComponent
FNDA:2,(anonymous_1)
FNDA:1,(anonymous_2)
FNDA:3,(anonymous_3)
DA:7,2
DA:8,2
DA:9,2
DA:10,2
DA:14,1
DA:15,1
DA:19,3
DA:27,2
DA:31,2
LF:9
LH:9
BRDA:8,0,0,1
BRDA:8,0,1,1
BRDA:8,1,0,2
BRDA:8,1,1,1
BRF:4
BRH:4
end_of_record
TN:
SF:/Users/derek/Work/react-color-organizer-redux/react-color-organizer-react-redux-test/app/components/ui/AddColorForm.js
FN:36,(anonymous_0)
FN:36,(anonymous_1)
FN:40,(anonymous_2)
FN:50,(anonymous_3)
FN:53,(anonymous_4)
FNF:5
FNH:5
FNDA:3,(anonymous_0)
FNDA:1,(anonymous_1)
FNDA:2,(anonymous_2)
FNDA:2,(anonymous_3)
FNDA:2,(anonymous_4)
DA:36,5
DA:40,3
DA:41,2
DA:42,2
DA:43,2
DA:44,2
DA:45,2
DA:48,3
DA:50,2
DA:53,2
DA:61,5
LF:11
LH:11
BRDA:36,0,0,2
BRF:1
BRH:1
end_of_record
TN:
SF:/Users/derek/Work/react-color-organizer-redux/react-color-organizer-react-redux-test/app/components/ui/Color.js
FN:9,(anonymous_0)
FN:41,(anonymous_1)
FN:42,(anonymous_2)
FNF:3
FNH:3
FNDA:3,(anonymous_0)
FNDA:1,(anonymous_1)
FNDA:1,(anonymous_2)
DA:10,3
DA:11,3
DA:30,5
DA:39,5
DA:41,1
DA:42,1
LF:6
LH:6
BRF:0
BRH:0
end_of_record
TN:
SF:/Users/derek/Work/react-color-organizer-redux/react-color-organizer-react-redux-test/app/components/ui/ColorList.js
FN:6,(anonymous_0)
FN:6,(anonymous_1)
FN:6,(anonymous_2)
FN:10,(anonymous_3)
FN:13,(anonymous_4)
FN:14,(anonymous_5)
FNF:6
FNH:6
FNDA:6,(anonymous_0)
FNDA:1,(anonymous_1)
FNDA:1,(anonymous_2)
FNDA:15,(anonymous_3)
FNDA:2,(anonymous_4)
FNDA:2,(anonymous_5)
DA:6,5
DA:7,6
DA:11,15
DA:13,2
DA:14,2
DA:19,5
LF:6
LH:6
BRDA:6,0,0,1
BRDA:6,1,0,5
BRDA:6,2,0,5
BRDA:8,3,0,1
BRDA:8,3,1,5
BRF:5
BRH:5
end_of_record
TN:
SF:/Users/derek/Work/react-color-organizer-redux/react-color-organizer-react-redux-test/app/components/ui/SortMenu.js
FN:32,(anonymous_0)
FN:32,(anonymous_1)
FN:36,(anonymous_2)
FN:40,(anonymous_3)
FNF:4
FNH:4
FNDA:3,(anonymous_0)
FNDA:1,(anonymous_1)
FNDA:9,(anonymous_2)
FNDA:2,(anonymous_3)
DA:5,5
DA:32,5
DA:34,3
DA:37,9
DA:41,2
DA:42,2
DA:48,5
LF:7
LH:7
BRDA:32,0,0,1
BRDA:32,1,0,2
BRDA:39,2,0,3
BRDA:39,2,1,6
BRF:4
BRH:4
end_of_record
TN:
SF:/Users/derek/Work/react-color-organizer-redux/react-color-organizer-react-redux-test/app/components/ui/Star.js
FN:6,(anonymous_0)
FN:6,(anonymous_1)
FNF:2
FNH:2
FNDA:26,(anonymous_0)
FNDA:1,(anonymous_1)
DA:6,7
DA:7,26
DA:11,7
LF:3
LH:3
BRDA:6,0,0,2
BRDA:6,1,0,3
BRDA:7,2,0,6
BRDA:7,2,1,20
BRF:4
BRH:4
end_of_record
TN:
SF:/Users/derek/Work/react-color-organizer-redux/react-color-organizer-react-redux-test/app/components/ui/StarRating.js
FN:5,(anonymous_0)
FN:5,(anonymous_1)
FN:7,(anonymous_2)
FN:10,(anonymous_3)
FNF:4
FNH:4
FNDA:4,(anonymous_0)
FNDA:1,(anonymous_1)
FNDA:22,(anonymous_2)
FNDA:4,(anonymous_3)
DA:5,6
DA:6,4
DA:8,22
DA:10,4
DA:15,6
LF:5
LH:5
BRDA:5,0,0,1
BRDA:5,1,0,3
BRDA:5,2,0,1
BRF:3
BRH:3
end_of_record
TN:
SF:/Users/derek/Work/react-color-organizer-redux/react-color-organizer-react-redux-test/app/components/ui/TimeAgo.js
FN:5,(anonymous_0)
FNF:1
FNH:1
FNDA:3,(anonymous_0)
DA:5,6
DA:7,3
DA:12,6
LF:3
LH:3
BRF:0
BRH:0
end_of_record
TN:
SF:/Users/derek/Work/react-color-organizer-redux/react-color-organizer-react-redux-test/app/constants/constants.color.js
FNF:0
FNH:0
DA:2,9
LF:1
LH:1
BRF:0
BRH:0
end_of_record
TN:
SF:/Users/derek/Work/react-color-organizer-redux/react-color-organizer-react-redux-test/app/reducers/reducer.color.js
FN:3,(anonymous_0)
FN:26,(anonymous_1)
FN:35,(anonymous_2)
FN:39,(anonymous_3)
FNF:4
FNH:4
FNDA:8,(anonymous_0)
FNDA:22,(anonymous_1)
FNDA:3,(anonymous_2)
FNDA:3,(anonymous_3)
DA:3,3
DA:4,8
DA:6,3
DA:14,4
DA:22,1
DA:26,3
DA:27,22
DA:29,2
DA:34,2
DA:35,3
DA:38,2
DA:39,3
DA:42,16
LF:13
LH:13
BRDA:3,0,0,1
BRDA:3,1,0,1
BRDA:4,2,0,3
BRDA:4,2,1,4
BRDA:4,2,2,1
BRDA:14,3,0,1
BRDA:14,3,1,3
BRDA:26,4,0,9
BRDA:26,5,0,1
BRDA:27,6,0,2
BRDA:27,6,1,2
BRDA:27,6,2,2
BRDA:27,6,3,16
BRF:13
BRH:13
end_of_record
TN:
SF:/Users/derek/Work/react-color-organizer-redux/react-color-organizer-react-redux-test/app/reducers/reducer.sort.js
FN:3,(anonymous_0)
FNF:1
FNH:1
FNDA:20,(anonymous_0)
DA:3,2
DA:4,20
DA:6,4
DA:8,16
LF:4
LH:4
BRDA:3,0,0,11
BRDA:3,1,0,1
BRDA:4,2,0,4
BRDA:4,2,1,16
BRF:4
BRH:4
end_of_record
TN:
SF:/Users/derek/Work/react-color-organizer-redux/react-color-organizer-react-redux-test/app/store/storeFactory.js
FN:6,(anonymous_0)
FN:6,(anonymous_1)
FN:6,(anonymous_2)
FN:17,(anonymous_3)
FN:17,(anonymous_4)
FN:17,(anonymous_5)
FN:23,(anonymous_6)
FNF:7
FNH:7
FNDA:4,(anonymous_0)
FNDA:4,(anonymous_1)
FNDA:6,(anonymous_2)
FNDA:4,(anonymous_3)
FNDA:4,(anonymous_4)
FNDA:6,(anonymous_5)
FNDA:4,(anonymous_6)
DA:6,4
DA:8,6
DA:9,6
DA:10,6
DA:11,6
DA:12,6
DA:13,6
DA:14,6
DA:17,4
DA:18,6
DA:19,6
DA:20,6
DA:23,1
DA:24,4
LF:14
LH:14
BRDA:23,0,0,1
BRDA:26,1,0,2
BRDA:26,1,1,2
BRF:3
BRH:3
end_of_record
TN:
SF:/Users/derek/Work/react-color-organizer-redux/react-color-organizer-react-redux-test/app/utils/arrayHelper.js
FN:1,(anonymous_0)
FN:4,(anonymous_1)
FN:6,(anonymous_2)
FN:8,(anonymous_3)
FN:12,(anonymous_4)
FNF:5
FNH:5
FNDA:5,(anonymous_0)
FNDA:11,(anonymous_1)
FNDA:5,(anonymous_2)
FNDA:4,(anonymous_3)
FNDA:5,(anonymous_4)
DA:1,6
DA:2,5
DA:4,11
DA:6,5
DA:8,4
DA:12,6
DA:13,5
LF:7
LH:7
BRDA:2,0,0,3
BRDA:2,0,1,1
BRDA:2,0,2,1
BRDA:6,1,0,1
BRDA:6,1,1,4
BRDA:13,2,0,1
BRDA:13,2,1,4
BRDA:15,3,0,1
BRDA:15,3,1,3
BRF:9
BRH:9
end_of_record
TN:
SF:/Users/derek/Work/react-color-organizer-redux/react-color-organizer-react-redux-test/app/utils/timeHelper.js
FN:13,(anonymous_0)
FN:15,(anonymous_1)
FN:17,(anonymous_2)
FN:19,(anonymous_3)
FN:21,(anonymous_4)
FN:24,(anonymous_5)
FN:29,(anonymous_6)
FN:32,(anonymous_7)
FN:37,(anonymous_8)
FN:42,(anonymous_9)
FN:45,(anonymous_10)
FN:48,(anonymous_11)
FN:53,(anonymous_12)
FNF:13
FNH:13
FNDA:64,(anonymous_0)
FNDA:30,(anonymous_1)
FNDA:30,(anonymous_2)
FNDA:5,(anonymous_3)
FNDA:5,(anonymous_4)
FNDA:30,(anonymous_5)
FNDA:4,(anonymous_6)
FNDA:5,(anonymous_7)
FNDA:30,(anonymous_8)
FNDA:30,(anonymous_9)
FNDA:25,(anonymous_10)
FNDA:34,(anonymous_11)
FNDA:9,(anonymous_12)
DA:1,6
DA:2,6
DA:3,6
DA:4,6
DA:5,6
DA:6,6
DA:13,64
DA:15,30
DA:17,30
DA:19,6
DA:21,6
DA:22,5
DA:24,6
DA:25,30
DA:29,6
DA:30,4
DA:32,6
DA:33,5
DA:37,6
DA:38,30
DA:42,6
DA:43,30
DA:45,25
DA:48,6
DA:49,34
DA:53,6
DA:54,9
LF:27
LH:27
BRDA:22,0,0,4
BRDA:22,0,1,1
BRDA:25,1,0,5
BRDA:25,1,1,25
BRDA:33,2,0,1
BRDA:33,2,1,4
BRDA:38,3,0,5
BRDA:38,3,1,25
BRDA:49,4,0,4
BRDA:49,4,1,30
BRDA:53,5,0,3
BRF:11
BRH:11
end_of_record
